<?xml version="1.0" encoding="UTF-8"?>
<!-- Generated by org.testng.reporters.JUnitReportReporter -->
<testsuite skipped="0" hostname="FAHMIDA-LAPTOP" name="com.bjit.SeleniumOnlineProject2.Test.LoginTest" tests="2" failures="0" timestamp="2020-10-04T20:51:01 BDT" time="14.656" errors="0">
  <testcase name="Logintest" time="4.809" classname="com.bjit.SeleniumOnlineProject2.Test.LoginTest"/>
  <system-out/>
  <testcase name="CheckLoginPageTitle" time="9.847" classname="com.bjit.SeleniumOnlineProject2.Test.LoginTest"/>
  <system-out/>
</testsuite> <!-- com.bjit.SeleniumOnlineProject2.Test.LoginTest -->
