<?xml version="1.0" encoding="UTF-8"?>
<!-- Generated by org.testng.reporters.JUnitReportReporter -->
<testsuite skipped="0" hostname="FAHMIDA-LAPTOP" name="com.bjit.SeleniumOnlineProject2.Utils.DriverManager" tests="1" failures="0" timestamp="2020-10-04T16:37:32 BDT" time="0.018" errors="0">
  <testcase name="DeiverManagerTest" time="0.018" classname="com.bjit.SeleniumOnlineProject2.Utils.DriverManager"/>
  <system-out/>
</testsuite> <!-- com.bjit.SeleniumOnlineProject2.Utils.DriverManager -->
